<?xml version="1.0" encoding="UTF-8"?>
<!-- Generated by org.testng.reporters.JUnitXMLReporter -->
<testsuite hostname="LAPTOP-F5KUQCHA" ignored="0" name="AddContactTest" tests="1" failures="1" timestamp="2020-03-26T18:00:45 EDT" time="2.152" errors="0">
  <testcase name="AddingContacts" time="2.15" classname="test.AddContactTest">
    <failure type="java.lang.NullPointerException">
      <![CDATA[java.lang.NullPointerException
at org.openqa.selenium.support.pagefactory.DefaultElementLocator.findElement(DefaultElementLocator.java:69)
at org.openqa.selenium.support.pagefactory.internal.LocatingElementHandler.invoke(LocatingElementHandler.java:38)
at com.sun.proxy.$Proxy8.sendKeys(Unknown Source)
at page.LoginClass.login(LoginClass.java:29)
at test.AddContactTest.AddingContacts(AddContactTest.java:25)
at java.util.ArrayList.forEach(ArrayList.java:1257)
... Removed 27 stack frames]]>
    </failure>
  </testcase> <!-- AddingContacts -->
</testsuite> <!-- AddContactTest -->
