<?xml version="1.0" encoding="UTF-8"?>
<!-- Generated by org.testng.reporters.JUnitXMLReporter -->
<testsuite hostname="LAPTOP-F5KUQCHA" ignored="0" name="TestCase" tests="1" failures="1" timestamp="2020-03-26T18:00:43 EDT" time="4.812" errors="0">
  <testcase name="TechFiosLogin" time="4.784" classname="test.TestCase">
    <failure type="java.lang.NullPointerException">
      <![CDATA[java.lang.NullPointerException
at test.TestCase.TechFiosLogin(TestCase.java:23)
at java.util.ArrayList.forEach(ArrayList.java:1257)
... Removed 27 stack frames]]>
    </failure>
  </testcase> <!-- TechFiosLogin -->
</testsuite> <!-- TestCase -->
